-------------------------------------------------------------------------------
Test set: co.edu.unal.paralela.ReciprocalArraySumTest
-------------------------------------------------------------------------------
Tests run: 4, Failures: 3, Errors: 0, Skipped: 0, Time elapsed: 48.605 sec <<< FAILURE! - in co.edu.unal.paralela.ReciprocalArraySumTest
testParManyTaskTwoHundredMillion(co.edu.unal.paralela.ReciprocalArraySumTest)  Time elapsed: 21.798 sec  <<< FAILURE!
junit.framework.AssertionFailedError: Se esperaba que la implmentación de muchas tareas en paralelo pudiera ejecutarse  6,400000x veces más rápido, pero solo alcanzo a mejorar la rapidez (speedup) 2,901235x veces
	at junit.framework.Assert.fail(Assert.java:47)
	at junit.framework.Assert.assertTrue(Assert.java:20)
	at co.edu.unal.paralela.ReciprocalArraySumTest.testParManyTaskTwoHundredMillion(ReciprocalArraySumTest.java:149)

testParManyTaskTwoMillion(co.edu.unal.paralela.ReciprocalArraySumTest)  Time elapsed: 0.321 sec  <<< FAILURE!
junit.framework.AssertionFailedError: Se esperaba que la implmentación de muchas tareas en paralelo pudiera ejecutarse 4,800000x veces más rápido, pero solo alcanzo a mejorar la rapidez (speedup) 1,000000x veces
	at junit.framework.Assert.fail(Assert.java:47)
	at junit.framework.Assert.assertTrue(Assert.java:20)
	at co.edu.unal.paralela.ReciprocalArraySumTest.testParManyTaskTwoMillion(ReciprocalArraySumTest.java:137)

testParSimpleTwoMillion(co.edu.unal.paralela.ReciprocalArraySumTest)  Time elapsed: 0.303 sec  <<< FAILURE!
junit.framework.AssertionFailedError: Se esperaba que la implementación de dos tareas en paralelo pudiera ejecutarse  1,500000x veces más rápido, pero solo alcanzo a mejorar la rapidez (speedup) 1,000000x veces
	at junit.framework.Assert.fail(Assert.java:47)
	at junit.framework.Assert.assertTrue(Assert.java:20)
	at co.edu.unal.paralela.ReciprocalArraySumTest.testParSimpleTwoMillion(ReciprocalArraySumTest.java:114)

